<?xml version="1.0" encoding="UTF-8"?>
<!-- Generated by org.testng.reporters.JUnitXMLReporter -->
<testsuite ignored="0" hostname="LAPTOP-QME61A2J" failures="0" tests="4" name="chrome1" time="0.065" errors="0" timestamp="2023-01-10T14:59:07 IST">
  <testcase classname="PracticePackage.SampleTestNGTest_3" name="sample5" time="0.009"/>
  <testcase classname="PracticePackage.SampleTestNGTest_3" name="sample6" time="0.003"/>
  <testcase classname="PracticePackage.SampleTestNGTest_4" name="sample7" time="0.001"/>
  <testcase classname="PracticePackage.SampleTestNGTest_4" name="sample8" time="0.001"/>
</testsuite> <!-- chrome1 -->
