<?xml version="1.0" encoding="UTF-8"?>
<!-- Generated by org.testng.reporters.JUnitXMLReporter -->
<testsuite ignored="2" hostname="LAPTOP-QME61A2J" failures="0" tests="2" name="chrome-2" time="28.739" errors="0" timestamp="2023-01-10T17:57:42 IST">
  <testcase classname="com.cis.testng.scripts.CreateUserAccountTestNG" name="userAccount" time="2.961"/>
  <testcase classname="com.cis.testng.scripts.CreateProductTestNG" name="createProduct" time="3.977"/>
  <testcase classname="com.GenericUtilities.BaseClass" name="@AfterSuite disconnectDB" time="0.0">
    <ignored/>
  </testcase> <!-- @AfterSuite disconnectDB -->
  <testcase classname="com.GenericUtilities.BaseClass" name="@BeforeSuite configDB" time="0.0">
    <ignored/>
  </testcase> <!-- @BeforeSuite configDB -->
</testsuite> <!-- chrome-2 -->
