<?xml version="1.0" encoding="UTF-8"?>
<!-- Generated by org.testng.reporters.JUnitXMLReporter -->
<testsuite ignored="0" hostname="LAPTOP-QME61A2J" failures="0" tests="4" name="chrome2" time="0.065" errors="0" timestamp="2023-01-10T14:59:07 IST">
  <testcase classname="PracticePackage.SampleTestNGTest_1" name="sample1" time="0.009"/>
  <testcase classname="PracticePackage.SampleTestNGTest_1" name="sample2" time="0.002"/>
  <testcase classname="PracticePackage.SampleTestNGTest_2" name="sample3" time="0.002"/>
  <testcase classname="PracticePackage.SampleTestNGTest_2" name="sample4" time="0.001"/>
</testsuite> <!-- chrome2 -->
