<?xml version="1.0" encoding="UTF-8"?>
<!-- Generated by org.testng.reporters.JUnitXMLReporter -->
<testsuite ignored="0" hostname="LAPTOP-QME61A2J" failures="1" tests="3" name="Test" time="7.699" errors="0" timestamp="2023-01-12T17:29:54 IST">
  <testcase classname="com.cis.testng.scripts.CreateCustomerTestNG" name="createCustomer" time="0.871">
    <skipped/>
  </testcase> <!-- createCustomer -->
  <testcase classname="com.cis.testng.scripts.CreateCustomerTestNG" name="createCustomer" time="0.507">
    <skipped/>
  </testcase> <!-- createCustomer -->
  <testcase classname="com.cis.testng.scripts.CreateCustomerTestNG" name="createCustomer" time="0.718">
    <failure type="java.lang.AssertionError" message="null">
      <![CDATA[java.lang.AssertionError: null
at com.cis.testng.scripts.CreateCustomerTestNG.createCustomer(CreateCustomerTestNG.java:21)
at java.base/java.util.ArrayList.forEach(ArrayList.java:1511)
at java.base/java.util.concurrent.FutureTask.run(FutureTask.java:264)
at java.base/java.util.concurrent.ThreadPoolExecutor.runWorker(ThreadPoolExecutor.java:1136)
at java.base/java.util.concurrent.ThreadPoolExecutor$Worker.run(ThreadPoolExecutor.java:635)
at java.base/java.lang.Thread.run(Thread.java:833)
... Removed 20 stack frames]]>
    </failure>
  </testcase> <!-- createCustomer -->
</testsuite> <!-- Test -->
